<?xml version="1.0" encoding="UTF-8" ?>
<testsuite errors="0" failures="1" hostname="abhinavs-MacBook-Pro.local" name="com.searchandcreate.items.ItemControllerTests" tests="1" time="0.15" timestamp="2019-03-06T01:54:18">
  <properties />
  <testcase classname="com.searchandcreate.items.ItemControllerTests" name="testSomething" time="0.147">
    <failure message="junit.framework.AssertionFailedError: Implement me" type="junit.framework.AssertionFailedError">junit.framework.AssertionFailedError: junit.framework.AssertionFailedError: Implement me
	at com.searchandcreate.items.ItemControllerTests.testSomething(ItemControllerTests.groovy:15)
</failure>
  </testcase>
  <system-out><![CDATA[--Output from testSomething--
]]></system-out>
  <system-err><![CDATA[--Output from testSomething--
]]></system-err>
</testsuite>
